2017-10-30 18:28:53 2592 [Note] Plugin 'FEDERATED' is disabled.
2017-10-30 18:28:53 2592 [Note] InnoDB: Using atomics to ref count buffer pool pages
2017-10-30 18:28:53 2592 [Note] InnoDB: The InnoDB memory heap is disabled
2017-10-30 18:28:53 2592 [Note] InnoDB: Mutexes and rw_locks use Windows interlocked functions
2017-10-30 18:28:53 2592 [Note] InnoDB: Memory barrier is not used
2017-10-30 18:28:53 2592 [Note] InnoDB: Compressed tables use zlib 1.2.3
2017-10-30 18:28:53 2592 [Note] InnoDB: Not using CPU crc32 instructions
2017-10-30 18:28:53 2592 [Note] InnoDB: Initializing buffer pool, size = 128.0M
2017-10-30 18:28:53 2592 [Note] InnoDB: Completed initialization of buffer pool
2017-10-30 18:28:53 2592 [Note] InnoDB: Highest supported file format is Barracuda.
2017-10-30 18:28:53 2592 [Note] InnoDB: 128 rollback segment(s) are active.
2017-10-30 18:28:53 2592 [Note] InnoDB: Waiting for purge to start
2017-10-30 18:28:53 2592 [Note] InnoDB: 5.6.34 started; log sequence number 1625997
2017-10-30 18:28:53 2592 [Note] Server hostname (bind-address): '*'; port: 3306
2017-10-30 18:28:53 2592 [Note] IPv6 is available.
2017-10-30 18:28:53 2592 [Note]   - '::' resolves to '::';
2017-10-30 18:28:53 2592 [Note] Server socket created on IP: '::'.
2017-10-30 18:28:53 2592 [Note] Event Scheduler: Loaded 0 events
2017-10-30 18:28:53 2592 [Note] C:\MAMP\\bin\mysql\bin\mysqld.exe: ready for connections.
Version: '5.6.34-log'  socket: ''  port: 3306  MySQL Community Server (GPL)
2017-10-30 19:28:22 2592 [Note] C:\MAMP\\bin\mysql\bin\mysqld.exe: Normal shutdown

2017-10-30 19:28:22 2592 [Note] Giving 0 client threads a chance to die gracefully
2017-10-30 19:28:22 2592 [Note] Event Scheduler: Purging the queue. 0 events
2017-10-30 19:28:22 2592 [Note] Shutting down slave threads
2017-10-30 19:28:22 2592 [Note] Forcefully disconnecting 0 remaining clients
2017-10-30 19:28:22 2592 [Note] Binlog end
2017-10-30 19:28:22 2592 [Note] Shutting down plugin 'partition'
2017-10-30 19:28:22 2592 [Note] Shutting down plugin 'PERFORMANCE_SCHEMA'
2017-10-30 19:28:22 2592 [Note] Shutting down plugin 'INNODB_SYS_DATAFILES'
2017-10-30 19:28:22 2592 [Note] Shutting down plugin 'INNODB_SYS_TABLESPACES'
2017-10-30 19:28:22 2592 [Note] Shutting down plugin 'INNODB_SYS_FOREIGN_COLS'
2017-10-30 19:28:22 2592 [Note] Shutting down plugin 'INNODB_SYS_FOREIGN'
2017-10-30 19:28:22 2592 [Note] Shutting down plugin 'INNODB_SYS_FIELDS'
2017-10-30 19:28:22 2592 [Note] Shutting down plugin 'INNODB_SYS_COLUMNS'
2017-10-30 19:28:22 2592 [Note] Shutting down plugin 'INNODB_SYS_INDEXES'
2017-10-30 19:28:22 2592 [Note] Shutting down plugin 'INNODB_SYS_TABLESTATS'
2017-10-30 19:28:22 2592 [Note] Shutting down plugin 'INNODB_SYS_TABLES'
2017-10-30 19:28:22 2592 [Note] Shutting down plugin 'INNODB_FT_INDEX_TABLE'
2017-10-30 19:28:22 2592 [Note] Shutting down plugin 'INNODB_FT_INDEX_CACHE'
2017-10-30 19:28:22 2592 [Note] Shutting down plugin 'INNODB_FT_CONFIG'
2017-10-30 19:28:22 2592 [Note] Shutting down plugin 'INNODB_FT_BEING_DELETED'
2017-10-30 19:28:22 2592 [Note] Shutting down plugin 'INNODB_FT_DELETED'
2017-10-30 19:28:22 2592 [Note] Shutting down plugin 'INNODB_FT_DEFAULT_STOPWORD'
2017-10-30 19:28:22 2592 [Note] Shutting down plugin 'INNODB_METRICS'
2017-10-30 19:28:22 2592 [Note] Shutting down plugin 'INNODB_BUFFER_POOL_STATS'
2017-10-30 19:28:22 2592 [Note] Shutting down plugin 'INNODB_BUFFER_PAGE_LRU'
2017-10-30 19:28:22 2592 [Note] Shutting down plugin 'INNODB_BUFFER_PAGE'
2017-10-30 19:28:22 2592 [Note] Shutting down plugin 'INNODB_CMP_PER_INDEX_RESET'
2017-10-30 19:28:22 2592 [Note] Shutting down plugin 'INNODB_CMP_PER_INDEX'
2017-10-30 19:28:22 2592 [Note] Shutting down plugin 'INNODB_CMPMEM_RESET'
2017-10-30 19:28:22 2592 [Note] Shutting down plugin 'INNODB_CMPMEM'
2017-10-30 19:28:22 2592 [Note] Shutting down plugin 'INNODB_CMP_RESET'
2017-10-30 19:28:22 2592 [Note] Shutting down plugin 'INNODB_CMP'
2017-10-30 19:28:22 2592 [Note] Shutting down plugin 'INNODB_LOCK_WAITS'
2017-10-30 19:28:22 2592 [Note] Shutting down plugin 'INNODB_LOCKS'
2017-10-30 19:28:22 2592 [Note] Shutting down plugin 'INNODB_TRX'
2017-10-30 19:28:22 2592 [Note] Shutting down plugin 'InnoDB'
2017-10-30 19:28:22 2592 [Note] InnoDB: FTS optimize thread exiting.
2017-10-30 19:28:22 2592 [Note] InnoDB: Starting shutdown...
2017-10-30 19:28:23 2592 [Note] InnoDB: Shutdown completed; log sequence number 6914998
2017-10-30 19:28:23 2592 [Note] Shutting down plugin 'BLACKHOLE'
2017-10-30 19:28:23 2592 [Note] Shutting down plugin 'ARCHIVE'
2017-10-30 19:28:23 2592 [Note] Shutting down plugin 'MRG_MYISAM'
2017-10-30 19:28:23 2592 [Note] Shutting down plugin 'MyISAM'
2017-10-30 19:28:23 2592 [Note] Shutting down plugin 'MEMORY'
2017-10-30 19:28:23 2592 [Note] Shutting down plugin 'CSV'
2017-10-30 19:28:23 2592 [Note] Shutting down plugin 'sha256_password'
2017-10-30 19:28:23 2592 [Note] Shutting down plugin 'mysql_old_password'
2017-10-30 19:28:23 2592 [Note] Shutting down plugin 'mysql_native_password'
2017-10-30 19:28:23 2592 [Note] Shutting down plugin 'binlog'
2017-10-30 19:28:23 2592 [Note] C:\MAMP\\bin\mysql\bin\mysqld.exe: Shutdown complete

2017-10-30 19:28:39 4260 [Note] Plugin 'FEDERATED' is disabled.
2017-10-30 19:28:39 4260 [Note] InnoDB: Using atomics to ref count buffer pool pages
2017-10-30 19:28:39 4260 [Note] InnoDB: The InnoDB memory heap is disabled
2017-10-30 19:28:39 4260 [Note] InnoDB: Mutexes and rw_locks use Windows interlocked functions
2017-10-30 19:28:39 4260 [Note] InnoDB: Memory barrier is not used
2017-10-30 19:28:39 4260 [Note] InnoDB: Compressed tables use zlib 1.2.3
2017-10-30 19:28:39 4260 [Note] InnoDB: Not using CPU crc32 instructions
2017-10-30 19:28:39 4260 [Note] InnoDB: Initializing buffer pool, size = 128.0M
2017-10-30 19:28:39 4260 [Note] InnoDB: Completed initialization of buffer pool
2017-10-30 19:28:39 4260 [Note] InnoDB: Highest supported file format is Barracuda.
2017-10-30 19:28:39 4260 [Note] InnoDB: 128 rollback segment(s) are active.
2017-10-30 19:28:39 4260 [Note] InnoDB: Waiting for purge to start
2017-10-30 19:28:39 4260 [Note] InnoDB: 5.6.34 started; log sequence number 6914998
2017-10-30 19:28:39 4260 [Note] Server hostname (bind-address): '*'; port: 3306
2017-10-30 19:28:39 4260 [Note] IPv6 is available.
2017-10-30 19:28:39 4260 [Note]   - '::' resolves to '::';
2017-10-30 19:28:39 4260 [Note] Server socket created on IP: '::'.
2017-10-30 21:08:22 2924 [Note] Plugin 'FEDERATED' is disabled.
2017-10-30 21:08:22 2924 [Note] InnoDB: Using atomics to ref count buffer pool pages
2017-10-30 21:08:22 2924 [Note] InnoDB: The InnoDB memory heap is disabled
2017-10-30 21:08:22 2924 [Note] InnoDB: Mutexes and rw_locks use Windows interlocked functions
2017-10-30 21:08:22 2924 [Note] InnoDB: Memory barrier is not used
2017-10-30 21:08:22 2924 [Note] InnoDB: Compressed tables use zlib 1.2.3
2017-10-30 21:08:22 2924 [Note] InnoDB: Not using CPU crc32 instructions
2017-10-30 21:08:22 2924 [Note] InnoDB: Initializing buffer pool, size = 128.0M
2017-10-30 21:08:22 2924 [Note] InnoDB: Completed initialization of buffer pool
2017-10-30 21:08:22 2924 [Note] InnoDB: Highest supported file format is Barracuda.
2017-10-30 21:08:22 2924 [Note] InnoDB: The log sequence numbers 6914998 and 6914998 in ibdata files do not match the log sequence number 7759625 in the ib_logfiles!
2017-10-30 21:08:22 2924 [Note] InnoDB: Database was not shutdown normally!
2017-10-30 21:08:22 2924 [Note] InnoDB: Starting crash recovery.
2017-10-30 21:08:22 2924 [Note] InnoDB: Reading tablespace information from the .ibd files...
2017-10-30 21:08:22 2924 [Note] InnoDB: Restoring possible half-written data pages 
2017-10-30 21:08:22 2924 [Note] InnoDB: from the doublewrite buffer...
InnoDB: Last MySQL binlog file position 0 480136, file name mysql-bin.000004
2017-10-30 21:08:23 2924 [Note] InnoDB: 128 rollback segment(s) are active.
2017-10-30 21:08:23 2924 [Note] InnoDB: Waiting for purge to start
2017-10-30 21:08:23 2924 [Note] InnoDB: 5.6.34 started; log sequence number 7759625
2017-10-30 21:08:23 2924 [Note] Recovering after a crash using mysql-bin
2017-10-30 21:08:23 2924 [Note] Starting crash recovery...
2017-10-30 21:08:23 2924 [Note] Crash recovery finished.
2017-10-30 21:08:23 2924 [Note] Server hostname (bind-address): '*'; port: 3306
2017-10-30 21:08:23 2924 [Note] IPv6 is available.
2017-10-30 21:08:23 2924 [Note]   - '::' resolves to '::';
2017-10-30 21:08:23 2924 [Note] Server socket created on IP: '::'.
2017-10-30 21:08:23 2924 [Note] Event Scheduler: Loaded 0 events
2017-10-30 21:08:23 2924 [Note] C:\MAMP\\bin\mysql\bin\mysqld.exe: ready for connections.
Version: '5.6.34-log'  socket: ''  port: 3306  MySQL Community Server (GPL)
